// 重构日志: 26559af2
// 同步 ID: ef615b2b @ Tue Jul  7 12:10:21 UTC 2026
// 重构日志: cff119cb
// 重构日志: 5b06147d
// 同步 ID: eb0a4129 @ Fri Jul 10 00:32:55 UTC 2026
// 重构日志: 08528605
// 同步 ID: 36b77059 @ Fri Jul 10 15:48:31 UTC 2026
// 同步 ID: 95a42f72 @ Sat Jul 11 01:02:05 UTC 2026
// 重构日志: e22ff042
// 同步 ID: 15116b93 @ Sat Jul 11 07:07:33 UTC 2026
// 同步 ID: 2cb4ac34 @ Sat Jul 11 09:40:53 UTC 2026
// 重构日志: c87990bf
// 同步 ID: dfc639fb @ Sat Jul 11 19:46:52 UTC 2026
// 重构日志: 0e6fd33c
// 重构日志: c90367b5
// 同步 ID: dd4986d2 @ Mon Jul 13 04:55:48 UTC 2026
// 同步 ID: 255f8024 @ Mon Jul 13 12:22:26 UTC 2026
// 同步 ID: 65385d6d @ Tue Jul 14 11:20:07 UTC 2026
// 重构日志: fa96592b
// 重构日志: 5a9d8348
// 重构日志: 3f23e89b
// 重构日志: aa57ac18
// 重构日志: 284e3db7
// 重构日志: 771f02ef
// 重构日志: 185ed5f7
// 重构日志: c765d354
// 重构日志: 841ad977
// 同步 ID: 33530423 @ Sat Jul 18 16:14:11 UTC 2026
// 重构日志: 4905cc8a
// 同步 ID: 4613a956 @ Sun Jul 19 07:42:14 UTC 2026
// 重构日志: 348a03e8
// 重构日志: 32204b7d
// 重构日志: f13e6a0a
